0 info it worked if it ends with ok
1 verbose cli [ '/usr/local/bin/node',
1 verbose cli   '/usr/local/bin/npm',
1 verbose cli   'install',
1 verbose cli   'learnyounode',
1 verbose cli   '-g' ]
2 info using npm@2.14.7
3 info using node@v4.2.1
4 verbose install initial load of /Users/davidkatz/npm-global/lib/package.json
5 verbose readDependencies loading dependencies from /Users/davidkatz/npm-global/lib/package.json
6 silly cache add args [ 'learnyounode', null ]
7 verbose cache add spec learnyounode
8 silly cache add parsed spec Result {
8 silly cache add   raw: 'learnyounode',
8 silly cache add   scope: null,
8 silly cache add   name: 'learnyounode',
8 silly cache add   rawSpec: '',
8 silly cache add   spec: '*',
8 silly cache add   type: 'range' }
9 silly addNamed learnyounode@*
10 verbose addNamed "*" is a valid semver range for learnyounode
11 silly addNameRange { name: 'learnyounode', range: '*', hasData: false }
12 silly mapToRegistry name learnyounode
13 silly mapToRegistry using default registry
14 silly mapToRegistry registry https://registry.npmjs.org/
15 silly mapToRegistry uri https://registry.npmjs.org/learnyounode
16 verbose addNameRange registry:https://registry.npmjs.org/learnyounode not in flight; fetching
17 verbose request uri https://registry.npmjs.org/learnyounode
18 verbose request no auth needed
19 info attempt registry request try #1 at 12:56:59 AM
20 verbose request id 2eb3ae2ab396b2a9
21 verbose etag "4D9FC241V04GPWTRP1PSIRPBK"
22 http request GET https://registry.npmjs.org/learnyounode
23 http 304 https://registry.npmjs.org/learnyounode
24 verbose headers { date: 'Mon, 26 Oct 2015 07:56:55 GMT',
24 verbose headers   via: '1.1 varnish',
24 verbose headers   'cache-control': 'max-age=60',
24 verbose headers   etag: '"4D9FC241V04GPWTRP1PSIRPBK"',
24 verbose headers   age: '34',
24 verbose headers   connection: 'keep-alive',
24 verbose headers   'x-served-by': 'cache-sjc3127-SJC',
24 verbose headers   'x-cache': 'HIT',
24 verbose headers   'x-cache-hits': '1',
24 verbose headers   'x-timer': 'S1445846215.067135,VS0,VE0',
24 verbose headers   vary: 'Accept' }
25 silly get cb [ 304,
25 silly get   { date: 'Mon, 26 Oct 2015 07:56:55 GMT',
25 silly get     via: '1.1 varnish',
25 silly get     'cache-control': 'max-age=60',
25 silly get     etag: '"4D9FC241V04GPWTRP1PSIRPBK"',
25 silly get     age: '34',
25 silly get     connection: 'keep-alive',
25 silly get     'x-served-by': 'cache-sjc3127-SJC',
25 silly get     'x-cache': 'HIT',
25 silly get     'x-cache-hits': '1',
25 silly get     'x-timer': 'S1445846215.067135,VS0,VE0',
25 silly get     vary: 'Accept' } ]
26 verbose etag https://registry.npmjs.org/learnyounode from cache
27 verbose get saving learnyounode to /Users/davidkatz/.npm/registry.npmjs.org/learnyounode/.cache.json
28 silly addNameRange number 2 { name: 'learnyounode', range: '*', hasData: true }
29 silly addNameRange versions [ 'learnyounode',
29 silly addNameRange   [ '0.0.0',
29 silly addNameRange     '0.0.1',
29 silly addNameRange     '0.0.2',
29 silly addNameRange     '0.0.3',
29 silly addNameRange     '0.0.4',
29 silly addNameRange     '0.0.5',
29 silly addNameRange     '0.0.6',
29 silly addNameRange     '0.0.7',
29 silly addNameRange     '0.0.8',
29 silly addNameRange     '0.0.9',
29 silly addNameRange     '0.1.0',
29 silly addNameRange     '0.1.1',
29 silly addNameRange     '0.2.0',
29 silly addNameRange     '0.2.1',
29 silly addNameRange     '0.2.2',
29 silly addNameRange     '0.2.3',
29 silly addNameRange     '0.2.4',
29 silly addNameRange     '0.2.5',
29 silly addNameRange     '0.2.6',
29 silly addNameRange     '0.2.7',
29 silly addNameRange     '0.2.8',
29 silly addNameRange     '0.2.9',
29 silly addNameRange     '0.2.10',
29 silly addNameRange     '0.2.11',
29 silly addNameRange     '0.2.12',
29 silly addNameRange     '0.2.13',
29 silly addNameRange     '0.2.14',
29 silly addNameRange     '0.2.15',
29 silly addNameRange     '0.2.16',
29 silly addNameRange     '0.2.16-mimbug',
29 silly addNameRange     '0.3.0',
29 silly addNameRange     '0.3.1',
29 silly addNameRange     '0.3.2',
29 silly addNameRange     '0.3.3',
29 silly addNameRange     '0.4.0',
29 silly addNameRange     '0.4.1',
29 silly addNameRange     '1.0.0-alpha01',
29 silly addNameRange     '1.0.0',
29 silly addNameRange     '1.0.1',
29 silly addNameRange     '1.0.2',
29 silly addNameRange     '1.0.3',
29 silly addNameRange     '1.0.4',
29 silly addNameRange     '1.0.5',
29 silly addNameRange     '1.0.6',
29 silly addNameRange     '1.0.7',
29 silly addNameRange     '2.0.0',
29 silly addNameRange     '2.0.1',
29 silly addNameRange     '2.1.0',
29 silly addNameRange     '2.2.0',
29 silly addNameRange     '2.2.1',
29 silly addNameRange     '2.2.2',
29 silly addNameRange     '2.3.0',
29 silly addNameRange     '2.3.1',
29 silly addNameRange     '2.3.2',
29 silly addNameRange     '2.3.3',
29 silly addNameRange     '2.3.4',
29 silly addNameRange     '2.4.0',
29 silly addNameRange     '2.5.0',
29 silly addNameRange     '2.6.0',
29 silly addNameRange     '2.5.1',
29 silly addNameRange     '2.5.2',
29 silly addNameRange     '2.7.0',
29 silly addNameRange     '2.7.1',
29 silly addNameRange     '2.7.2' ] ]
30 silly addNamed learnyounode@2.7.2
31 verbose addNamed "2.7.2" is a plain semver version for learnyounode
32 silly cache afterAdd learnyounode@2.7.2
33 verbose afterAdd /Users/davidkatz/.npm/learnyounode/2.7.2/package/package.json not in flight; writing
34 verbose afterAdd /Users/davidkatz/.npm/learnyounode/2.7.2/package/package.json written
35 silly install resolved [ { name: 'learnyounode',
35 silly install resolved     version: '2.7.2',
35 silly install resolved     description: 'Learn You The Node.js For Much Win! An intro to Node.js via a set of self-guided workshops.',
35 silly install resolved     author:
35 silly install resolved      { name: 'Rod Vagg',
35 silly install resolved        email: 'rod@vagg.org',
35 silly install resolved        url: 'https://github.com/rvagg' },
35 silly install resolved     contributors:
35 silly install resolved      [ [Object],
35 silly install resolved        [Object],
35 silly install resolved        [Object],
35 silly install resolved        [Object],
35 silly install resolved        [Object],
35 silly install resolved        [Object],
35 silly install resolved        [Object],
35 silly install resolved        [Object],
35 silly install resolved        [Object],
35 silly install resolved        [Object],
35 silly install resolved        [Object],
35 silly install resolved        [Object],
35 silly install resolved        [Object],
35 silly install resolved        [Object],
35 silly install resolved        [Object],
35 silly install resolved        [Object] ],
35 silly install resolved     repository:
35 silly install resolved      { type: 'git',
35 silly install resolved        url: 'git+https://github.com/rvagg/learnyounode.git' },
35 silly install resolved     license: 'MIT',
35 silly install resolved     dependencies:
35 silly install resolved      { after: '~0.8.1',
35 silly install resolved        bl: '~0.9.4',
35 silly install resolved        boganipsum: '~0.1.0',
35 silly install resolved        chalk: '~0.5.1',
35 silly install resolved        'colors-tmpl': '~1.0.0',
35 silly install resolved        'combined-stream': '~0.0.7',
35 silly install resolved        'concat-stream': '~1.4.7',
35 silly install resolved        duplexer: '~0.1.1',
35 silly install resolved        hyperquest: '~1.0.1',
35 silly install resolved        rimraf: '~2.2.8',
35 silly install resolved        through: '~2.3.6',
35 silly install resolved        through2: '~0.6.3',
35 silly install resolved        'through2-map': '~1.4.0',
35 silly install resolved        workshopper: '^2.7.0',
35 silly install resolved        'workshopper-exercise': '^2.4.0',
35 silly install resolved        'workshopper-wrappedexec': '~0.1.1' },
35 silly install resolved     bin: { learnyounode: './learnyounode.js' },
35 silly install resolved     preferGlobal: true,
35 silly install resolved     gitHead: '81f937605b53301b81b5e0fbdc99d17840e15227',
35 silly install resolved     bugs: { url: 'https://github.com/rvagg/learnyounode/issues' },
35 silly install resolved     homepage: 'https://github.com/rvagg/learnyounode',
35 silly install resolved     _id: 'learnyounode@2.7.2',
35 silly install resolved     scripts: {},
35 silly install resolved     _shasum: '6cc6e63d6d598d26f0e034d092bcda1a3f895307',
35 silly install resolved     _from: 'learnyounode@*',
35 silly install resolved     _npmVersion: '2.14.4',
35 silly install resolved     _nodeVersion: '4.1.1',
35 silly install resolved     _npmUser: { name: 'leichtgewicht', email: 'mh@leichtgewicht.at' },
35 silly install resolved     maintainers: [ [Object], [Object], [Object] ],
35 silly install resolved     dist:
35 silly install resolved      { shasum: '6cc6e63d6d598d26f0e034d092bcda1a3f895307',
35 silly install resolved        tarball: 'http://registry.npmjs.org/learnyounode/-/learnyounode-2.7.2.tgz' },
35 silly install resolved     directories: {},
35 silly install resolved     _resolved: 'https://registry.npmjs.org/learnyounode/-/learnyounode-2.7.2.tgz',
35 silly install resolved     readme: 'ERROR: No README data found!' } ]
36 info install learnyounode@2.7.2 into /Users/davidkatz/npm-global/lib
37 info installOne learnyounode@2.7.2
38 verbose installOne of learnyounode to /Users/davidkatz/npm-global/lib not in flight; installing
39 verbose lock using /Users/davidkatz/.npm/_locks/learnyounode-7216c4234f20d43c.lock for /Users/davidkatz/npm-global/lib/node_modules/learnyounode
40 silly install write writing learnyounode 2.7.2 to /Users/davidkatz/npm-global/lib/node_modules/learnyounode
41 verbose unbuild lib/node_modules/learnyounode
42 info preuninstall learnyounode@2.7.2
43 info uninstall learnyounode@2.7.2
44 verbose unbuild rmStuff learnyounode@2.7.2 from /Users/davidkatz/npm-global/lib/node_modules
45 silly gentlyRm /Users/davidkatz/npm-global/bin/learnyounode is being gently removed
46 silly gentlyRm verifying /Users/davidkatz/npm-global is an npm working directory
47 silly gentlyRm containing path /Users/davidkatz/npm-global is under npm's control, in /Users/davidkatz/npm-global
48 silly gentlyRm deletion target /Users/davidkatz/npm-global/bin/learnyounode is under /Users/davidkatz/npm-global
49 verbose gentlyRm vacuuming from /Users/davidkatz/npm-global/bin/learnyounode up to /Users/davidkatz/npm-global
50 silly vacuum-fs removing /Users/davidkatz/npm-global/bin/learnyounode
51 silly vacuum-fs quitting because other entries in /Users/davidkatz/npm-global/bin
52 info postuninstall learnyounode@2.7.2
53 silly gentlyRm /Users/davidkatz/npm-global/lib/node_modules/learnyounode is being purged from base /Users/davidkatz/npm-global
54 verbose gentlyRm don't care about contents; nuking /Users/davidkatz/npm-global/lib/node_modules/learnyounode
55 silly vacuum-fs purging /Users/davidkatz/npm-global/lib/node_modules/learnyounode
56 verbose unlock done using /Users/davidkatz/.npm/_locks/learnyounode-7216c4234f20d43c.lock for /Users/davidkatz/npm-global/lib/node_modules/learnyounode
57 verbose stack Error: EACCES: permission denied, unlink '/Users/davidkatz/npm-global/lib/node_modules/learnyounode/.npmignore'
57 verbose stack     at Error (native)
58 verbose cwd /Users/davidkatz/Coding/node/nodeschool
59 error Darwin 15.0.0
60 error argv "/usr/local/bin/node" "/usr/local/bin/npm" "install" "learnyounode" "-g"
61 error node v4.2.1
62 error npm  v2.14.7
63 error path /Users/davidkatz/npm-global/lib/node_modules/learnyounode/.npmignore
64 error code EACCES
65 error errno -13
66 error syscall unlink
67 error Error: EACCES: permission denied, unlink '/Users/davidkatz/npm-global/lib/node_modules/learnyounode/.npmignore'
67 error     at Error (native)
67 error  { [Error: EACCES: permission denied, unlink '/Users/davidkatz/npm-global/lib/node_modules/learnyounode/.npmignore']
67 error   errno: -13,
67 error   code: 'EACCES',
67 error   syscall: 'unlink',
67 error   path: '/Users/davidkatz/npm-global/lib/node_modules/learnyounode/.npmignore' }
68 error Please try running this command again as root/Administrator.
69 verbose exit [ -13, true ]
70 verbose unbuild lib/node_modules/learnyounode
71 info preuninstall learnyounode@2.7.2
72 info uninstall learnyounode@2.7.2
73 verbose unbuild rmStuff learnyounode@2.7.2 from /Users/davidkatz/npm-global/lib/node_modules
74 silly gentlyRm /Users/davidkatz/npm-global/bin/learnyounode is being gently removed
75 silly gentlyRm verifying /Users/davidkatz/npm-global is an npm working directory
76 silly gentlyRm containing path /Users/davidkatz/npm-global is under npm's control, in /Users/davidkatz/npm-global
77 silly gentlyRm deletion target /Users/davidkatz/npm-global/bin/learnyounode is under /Users/davidkatz/npm-global
78 verbose gentlyRm vacuuming from /Users/davidkatz/npm-global/bin/learnyounode up to /Users/davidkatz/npm-global
79 info postuninstall learnyounode@2.7.2
80 silly gentlyRm /Users/davidkatz/npm-global/lib/node_modules/learnyounode is being purged from base /Users/davidkatz/npm-global
81 verbose gentlyRm don't care about contents; nuking /Users/davidkatz/npm-global/lib/node_modules/learnyounode
82 silly vacuum-fs purging /Users/davidkatz/npm-global/lib/node_modules/learnyounode
83 error error rolling back Error: EACCES: permission denied, unlink '/Users/davidkatz/npm-global/lib/node_modules/learnyounode/.jshintrc'
83 error error rolling back     at Error (native)
83 error error rolling back  { [Error: EACCES: permission denied, unlink '/Users/davidkatz/npm-global/lib/node_modules/learnyounode/.jshintrc']
83 error error rolling back   errno: -13,
83 error error rolling back   code: 'EACCES',
83 error error rolling back   syscall: 'unlink',
83 error error rolling back   path: '/Users/davidkatz/npm-global/lib/node_modules/learnyounode/.jshintrc' }
