0 info it worked if it ends with ok
1 verbose cli [ '/usr/local/Cellar/node/6.3.1/bin/node',
1 verbose cli   '/usr/local/bin/npm',
1 verbose cli   'run',
1 verbose cli   'build' ]
2 info using npm@3.10.3
3 info using node@v6.3.1
4 verbose run-script [ 'prebuild', 'build', 'postbuild' ]
5 info lifecycle reactjs-socket-io-chat-app@0.6.9~prebuild: reactjs-socket-io-chat-app@0.6.9
6 silly lifecycle reactjs-socket-io-chat-app@0.6.9~prebuild: no script for prebuild, continuing
7 info lifecycle reactjs-socket-io-chat-app@0.6.9~build: reactjs-socket-io-chat-app@0.6.9
8 verbose lifecycle reactjs-socket-io-chat-app@0.6.9~build: unsafe-perm in lifecycle true
9 verbose lifecycle reactjs-socket-io-chat-app@0.6.9~build: PATH: /usr/local/lib/node_modules/npm/bin/node-gyp-bin:/Users/davidkatz/Coding/node/typeDash/node_modules/.bin:/usr/local/Cellar/node/6.3.1/bin:/usr/local/bin:/usr/bin:/bin:/usr/sbin:/sbin:/usr/local/share:/usr/local/share/npm:/usr/local/share/npm/lib/node_modules/:/usr/local/share/npm/bin:.npm:/Users/davidkatz/usr/local/bin
10 verbose lifecycle reactjs-socket-io-chat-app@0.6.9~build: CWD: /Users/davidkatz/Coding/node/typeDash
11 silly lifecycle reactjs-socket-io-chat-app@0.6.9~build: Args: [ '-c',
11 silly lifecycle   'browserify ./client/app.jsx -t babelify --outfile ./public/js/app.js' ]
12 silly lifecycle reactjs-socket-io-chat-app@0.6.9~build: Returned: code: 1  signal: null
13 info lifecycle reactjs-socket-io-chat-app@0.6.9~build: Failed to exec build script
14 verbose stack Error: reactjs-socket-io-chat-app@0.6.9 build: `browserify ./client/app.jsx -t babelify --outfile ./public/js/app.js`
14 verbose stack Exit status 1
14 verbose stack     at EventEmitter.<anonymous> (/usr/local/lib/node_modules/npm/lib/utils/lifecycle.js:242:16)
14 verbose stack     at emitTwo (events.js:106:13)
14 verbose stack     at EventEmitter.emit (events.js:191:7)
14 verbose stack     at ChildProcess.<anonymous> (/usr/local/lib/node_modules/npm/lib/utils/spawn.js:40:14)
14 verbose stack     at emitTwo (events.js:106:13)
14 verbose stack     at ChildProcess.emit (events.js:191:7)
14 verbose stack     at maybeClose (internal/child_process.js:852:16)
14 verbose stack     at Process.ChildProcess._handle.onexit (internal/child_process.js:215:5)
15 verbose pkgid reactjs-socket-io-chat-app@0.6.9
16 verbose cwd /Users/davidkatz/Coding/node/typeDash
17 error Darwin 15.6.0
18 error argv "/usr/local/Cellar/node/6.3.1/bin/node" "/usr/local/bin/npm" "run" "build"
19 error node v6.3.1
20 error npm  v3.10.3
21 error code ELIFECYCLE
22 error reactjs-socket-io-chat-app@0.6.9 build: `browserify ./client/app.jsx -t babelify --outfile ./public/js/app.js`
22 error Exit status 1
23 error Failed at the reactjs-socket-io-chat-app@0.6.9 build script 'browserify ./client/app.jsx -t babelify --outfile ./public/js/app.js'.
23 error Make sure you have the latest version of node.js and npm installed.
23 error If you do, this is most likely a problem with the reactjs-socket-io-chat-app package,
23 error not with npm itself.
23 error Tell the author that this fails on your system:
23 error     browserify ./client/app.jsx -t babelify --outfile ./public/js/app.js
23 error You can get information on how to open an issue for this project with:
23 error     npm bugs reactjs-socket-io-chat-app
23 error Or if that isn't available, you can get their info via:
23 error     npm owner ls reactjs-socket-io-chat-app
23 error There is likely additional logging output above.
24 verbose exit [ 1, true ]
